<?xml version="1.0" encoding="UTF-8"?>
<!-- Generated by org.testng.reporters.JUnitReportReporter -->
<testsuite hostname="DESKTOP-1FVVE27" failures="0" tests="2" name="FrameworkPractice.Tests.ErrorValidation" time="15.399" errors="0" timestamp="2025-05-25T22:58:50 CDT" skipped="0">
  <testcase classname="FrameworkPractice.Tests.ErrorValidation" name="ProductErrorvalidation" time="8.641"/>
  <testcase classname="FrameworkPractice.Tests.ErrorValidation" name="loginErrorvalidation" time="6.758"/>
</testsuite> <!-- FrameworkPractice.Tests.ErrorValidation -->
